Arguments: 
  /usr/bin/node /usr/bin/yarn add console-highlight

PATH: 
  /home/sonny/.node_modules/bin/:/usr/local/sbin:/usr/local/bin:/usr/bin:/usr/lib/jvm/default/bin:/usr/bin/site_perl:/usr/bin/vendor_perl:/usr/bin/core_perl

Yarn version: 
  0.17.3

Node version: 
  7.1.0

Platform: 
  linux x64

npm manifest: 
  {
    "name": "@xmpp/ubiquity",
    "description": "Component service to show your XMPP status on any webpage.",
    "repository": "github:node-xmpp/ubiquity",
    "homepage": "https://github.com/node-xmpp/node-xmpp/tree/master/packages/ubiquity",
    "bugs": "http://github.com/node-xmpp/node-xmpp/issues",
    "version": "0.0.0",
    "license": "ISC",
    "keywords": [
      "XMPP",
      "status",
      "presence"
    ],
    "dependencies": {
      "@xmpp/component": "^0.0.0",
      "@xmpp/jid": "^0.0.1",
      "@xmpp/plugins": "^0.0.0",
      "@xmpp/xml": "^0.0.1",
      "express": "^4.14.0",
      "level": "^1.5.0"
    }
  }

yarn manifest: 
  No manifest

Lockfile: 
  No lockfile

Trace: 
  Error: https://registry.yarnpkg.com/@xmpp%2fplugins: Not found
      at Request.params.callback [as _callback] (/usr/lib/node_modules/yarn/lib/util/request-manager.js:307:18)
      at Request.self.callback (/usr/lib/node_modules/yarn/node_modules/request/request.js:186:22)
      at emitTwo (events.js:106:13)
      at Request.emit (events.js:191:7)
      at Request.<anonymous> (/usr/lib/node_modules/yarn/node_modules/request/request.js:1081:10)
      at emitOne (events.js:96:13)
      at Request.emit (events.js:188:7)
      at IncomingMessage.<anonymous> (/usr/lib/node_modules/yarn/node_modules/request/request.js:1001:12)
      at IncomingMessage.g (events.js:292:16)
      at emitNone (events.js:91:20)
